0 info it worked if it ends with ok
1 verbose cli [ '/usr/bin/nodejs', '/usr/bin/npm', 'run', 'test:once' ]
2 info using npm@3.10.10
3 info using node@v6.11.1
4 verbose run-script [ 'pretest:once', 'test:once', 'posttest:once' ]
5 info lifecycle angular-io-example@1.0.0~pretest:once: angular-io-example@1.0.0
6 verbose lifecycle angular-io-example@1.0.0~pretest:once: unsafe-perm in lifecycle true
7 verbose lifecycle angular-io-example@1.0.0~pretest:once: PATH: /usr/lib/node_modules/npm/bin/node-gyp-bin:/home/theuser/organon/test/Angular2_specs/node_modules/.bin:/usr/local/sbin:/usr/local/bin:/usr/sbin:/usr/bin:/sbin:/bin:/usr/games:/usr/local/games:/snap/bin
8 verbose lifecycle angular-io-example@1.0.0~pretest:once: CWD: /home/theuser/organon/test/Angular2_specs
9 silly lifecycle angular-io-example@1.0.0~pretest:once: Args: [ '-c', 'npm run build' ]
10 silly lifecycle angular-io-example@1.0.0~pretest:once: Returned: code: 0  signal: null
11 info lifecycle angular-io-example@1.0.0~test:once: angular-io-example@1.0.0
12 verbose lifecycle angular-io-example@1.0.0~test:once: unsafe-perm in lifecycle true
13 verbose lifecycle angular-io-example@1.0.0~test:once: PATH: /usr/lib/node_modules/npm/bin/node-gyp-bin:/home/theuser/organon/test/Angular2_specs/node_modules/.bin:/usr/local/sbin:/usr/local/bin:/usr/sbin:/usr/bin:/sbin:/bin:/usr/games:/usr/local/games:/snap/bin
14 verbose lifecycle angular-io-example@1.0.0~test:once: CWD: /home/theuser/organon/test/Angular2_specs
15 silly lifecycle angular-io-example@1.0.0~test:once: Args: [ '-c', 'karma start karma.conf.js --single-run' ]
16 silly lifecycle angular-io-example@1.0.0~test:once: Returned: code: 1  signal: null
17 info lifecycle angular-io-example@1.0.0~test:once: Failed to exec test:once script
18 verbose stack Error: angular-io-example@1.0.0 test:once: `karma start karma.conf.js --single-run`
18 verbose stack Exit status 1
18 verbose stack     at EventEmitter.<anonymous> (/usr/lib/node_modules/npm/lib/utils/lifecycle.js:255:16)
18 verbose stack     at emitTwo (events.js:106:13)
18 verbose stack     at EventEmitter.emit (events.js:191:7)
18 verbose stack     at ChildProcess.<anonymous> (/usr/lib/node_modules/npm/lib/utils/spawn.js:40:14)
18 verbose stack     at emitTwo (events.js:106:13)
18 verbose stack     at ChildProcess.emit (events.js:191:7)
18 verbose stack     at maybeClose (internal/child_process.js:891:16)
18 verbose stack     at Process.ChildProcess._handle.onexit (internal/child_process.js:226:5)
19 verbose pkgid angular-io-example@1.0.0
20 verbose cwd /home/theuser/organon/test/Angular2_specs
21 error Linux 4.10.0-32-generic
22 error argv "/usr/bin/nodejs" "/usr/bin/npm" "run" "test:once"
23 error node v6.11.1
24 error npm  v3.10.10
25 error code ELIFECYCLE
26 error angular-io-example@1.0.0 test:once: `karma start karma.conf.js --single-run`
26 error Exit status 1
27 error Failed at the angular-io-example@1.0.0 test:once script 'karma start karma.conf.js --single-run'.
27 error Make sure you have the latest version of node.js and npm installed.
27 error If you do, this is most likely a problem with the angular-io-example package,
27 error not with npm itself.
27 error Tell the author that this fails on your system:
27 error     karma start karma.conf.js --single-run
27 error You can get information on how to open an issue for this project with:
27 error     npm bugs angular-io-example
27 error Or if that isn't available, you can get their info via:
27 error     npm owner ls angular-io-example
27 error There is likely additional logging output above.
28 verbose exit [ 1, true ]
